18:11:51 **** Build of configuration Debug for project I2CMPU6050V1 ****
make -j8 all 
arm-none-eabi-gcc -mcpu=cortex-m4 -g3 -DDEBUG -c -x assembler-with-cpp -MMD -MP -MF"Startup/startup_stm32f411retx.d" -MT"Startup/startup_stm32f411retx.o" --specs=nano.specs -mfloat-abi=soft -mthumb -o "Startup/startup_stm32f411retx.o" "../Startup/startup_stm32f411retx.s"
arm-none-eabi-gcc "../Src/mainI2CMPU6050V1.c" -mcpu=cortex-m4 -std=gnu11 -g3 -DDEBUG -DNUCLEO_F411RE -DSTM32 -DSTM32F4 -DSTM32F411RETx -DSTM32F411xE -c -I../Inc -I"/home/jutoroa/workspace/STMDirectory/DriversSTM32/Inc" -I/home/jutoroa/workspace/STMDirectory/mcu_headers/CMSIS/Device/ST/STM32F4xx/Include -I/home/jutoroa/workspace/STMDirectory/mcu_headers/CMSIS/Include -O0 -ffunction-sections -fdata-sections -Wall -fstack-usage -MMD -MP -MF"Src/mainI2CMPU6050V1.d" -MT"Src/mainI2CMPU6050V1.o" --specs=nano.specs -mfloat-abi=soft -mthumb -o "Src/mainI2CMPU6050V1.o"
arm-none-eabi-gcc "../Src/syscalls.c" -mcpu=cortex-m4 -std=gnu11 -g3 -DDEBUG -DNUCLEO_F411RE -DSTM32 -DSTM32F4 -DSTM32F411RETx -DSTM32F411xE -c -I../Inc -I"/home/jutoroa/workspace/STMDirectory/DriversSTM32/Inc" -I/home/jutoroa/workspace/STMDirectory/mcu_headers/CMSIS/Device/ST/STM32F4xx/Include -I/home/jutoroa/workspace/STMDirectory/mcu_headers/CMSIS/Include -O0 -ffunction-sections -fdata-sections -Wall -fstack-usage -MMD -MP -MF"Src/syscalls.d" -MT"Src/syscalls.o" --specs=nano.specs -mfloat-abi=soft -mthumb -o "Src/syscalls.o"
arm-none-eabi-gcc "../Src/sysmem.c" -mcpu=cortex-m4 -std=gnu11 -g3 -DDEBUG -DNUCLEO_F411RE -DSTM32 -DSTM32F4 -DSTM32F411RETx -DSTM32F411xE -c -I../Inc -I"/home/jutoroa/workspace/STMDirectory/DriversSTM32/Inc" -I/home/jutoroa/workspace/STMDirectory/mcu_headers/CMSIS/Device/ST/STM32F4xx/Include -I/home/jutoroa/workspace/STMDirectory/mcu_headers/CMSIS/Include -O0 -ffunction-sections -fdata-sections -Wall -fstack-usage -MMD -MP -MF"Src/sysmem.d" -MT"Src/sysmem.o" --specs=nano.specs -mfloat-abi=soft -mthumb -o "Src/sysmem.o"
../Src/mainI2CMPU6050V1.c: In function 'main':
../Src/mainI2CMPU6050V1.c:156:1: error: expected declaration or statement at end of input
  156 | }
      | ^
At top level:
../Src/mainI2CMPU6050V1.c:154:6: warning: 'Timer2_Callback' defined but not used [-Wunused-function]
  154 | void Timer2_Callback(void){
      |      ^~~~~~~~~~~~~~~
../Src/mainI2CMPU6050V1.c:125:6: warning: 'initSystem' defined but not used [-Wunused-function]
  125 | void initSystem(void){
      |      ^~~~~~~~~~
make: *** [Src/subdir.mk:25: Src/mainI2CMPU6050V1.o] Error 1
make: *** Waiting for unfinished jobs....
"make -j8 all" terminated with exit code 2. Build might be incomplete.

18:11:52 Build Failed. 3 errors, 2 warnings. (took 524ms)

